In file included from ../../nan/nan.h:184:0,
                 from ../src/unix/pty.cc:20:
../../nan/nan_maybe_43_inl.h: In function ‘Nan::MaybeLocal<v8::Object> Nan::CloneElementAt(v8::Local<v8::Array>, uint32_t)’:
../../nan/nan_maybe_43_inl.h:221:58: warning: ‘v8::MaybeLocal<v8::Object> v8::Array::CloneElementAt(v8::Local<v8::Context>, uint32_t)’ is deprecated: Cloning is not supported. [-Wdeprecated-declarations]
   return array->CloneElementAt(GetCurrentContext(), index);
                                                          ^
In file included from /home/evan/.atom/.node-gyp/.node-gyp/iojs-1.3.13/deps/v8/include/v8.h:25:0,
                 from /home/evan/.atom/.node-gyp/.node-gyp/iojs-1.3.13/src/node.h:42,
                 from ../../nan/nan.h:24,
                 from ../src/unix/pty.cc:20:
/home/evan/.atom/.node-gyp/.node-gyp/iojs-1.3.13/deps/v8/include/v8.h:3032:36: note: declared here
                 MaybeLocal<Object> CloneElementAt(Local<Context> context,
                                    ^
/home/evan/.atom/.node-gyp/.node-gyp/iojs-1.3.13/deps/v8/include/v8config.h:333:3: note: in definition of macro ‘V8_DEPRECATED’
   declarator __attribute__((deprecated(message)))
   ^
In file included from ../../nan/nan_new.h:189:0,
                 from ../../nan/nan.h:190,
                 from ../src/unix/pty.cc:20:
../../nan/nan_implementation_12_inl.h: In static member function ‘static Nan::imp::FactoryBase<v8::BooleanObject>::return_t Nan::imp::Factory<v8::BooleanObject>::New(bool)’:
../../nan/nan_implementation_12_inl.h:40:38: warning: ‘static v8::Local<v8::Value> v8::BooleanObject::New(bool)’ is deprecated: Pass an isolate [-Wdeprecated-declarations]
   return v8::BooleanObject::New(value).As<v8::BooleanObject>();
                                      ^
In file included from /home/evan/.atom/.node-gyp/.node-gyp/iojs-1.3.13/deps/v8/include/v8.h:25:0,
                 from /home/evan/.atom/.node-gyp/.node-gyp/iojs-1.3.13/src/node.h:42,
                 from ../../nan/nan.h:24,
                 from ../src/unix/pty.cc:20:
/home/evan/.atom/.node-gyp/.node-gyp/iojs-1.3.13/deps/v8/include/v8.h:4011:56: note: declared here
   V8_DEPRECATED("Pass an isolate", static Local<Value> New(bool value));
                                                        ^
/home/evan/.atom/.node-gyp/.node-gyp/iojs-1.3.13/deps/v8/include/v8config.h:333:3: note: in definition of macro ‘V8_DEPRECATED’
   declarator __attribute__((deprecated(message)))
   ^
In file included from ../src/unix/pty.cc:20:0:
../../nan/nan.h: At global scope:
../../nan/nan.h:592:20: error: variable or field ‘AddGCEpilogueCallback’ declared void
       v8::Isolate::GCEpilogueCallback callback
                    ^
../../nan/nan.h:592:7: error: ‘GCEpilogueCallback’ is not a member of ‘v8::Isolate’
       v8::Isolate::GCEpilogueCallback callback
       ^
../../nan/nan.h:593:18: error: expected primary-expression before ‘gc_type_filter’
     , v8::GCType gc_type_filter = v8::kGCTypeAll) {
                  ^
../../nan/nan.h:598:20: error: variable or field ‘RemoveGCEpilogueCallback’ declared void
       v8::Isolate::GCEpilogueCallback callback) {
                    ^
../../nan/nan.h:598:7: error: ‘GCEpilogueCallback’ is not a member of ‘v8::Isolate’
       v8::Isolate::GCEpilogueCallback callback) {
       ^
../../nan/nan.h:603:20: error: variable or field ‘AddGCPrologueCallback’ declared void
       v8::Isolate::GCPrologueCallback callback
                    ^
../../nan/nan.h:603:7: error: ‘GCPrologueCallback’ is not a member of ‘v8::Isolate’
       v8::Isolate::GCPrologueCallback callback
       ^
../../nan/nan.h:604:18: error: expected primary-expression before ‘gc_type_filter’
     , v8::GCType gc_type_filter = v8::kGCTypeAll) {
                  ^
../../nan/nan.h:609:20: error: variable or field ‘RemoveGCPrologueCallback’ declared void
       v8::Isolate::GCPrologueCallback callback) {
                    ^
../../nan/nan.h:609:7: error: ‘GCPrologueCallback’ is not a member of ‘v8::Isolate’
       v8::Isolate::GCPrologueCallback callback) {
       ^
../../nan/nan.h: In function ‘bool Nan::SetAccessor(v8::Local<v8::Object>, v8::Local<v8::String>, Nan::GetterCallback, Nan::SetterCallback, v8::Local<v8::Value>, v8::AccessControl, v8::PropertyAttribute)’:
../../nan/nan.h:1939:16: warning: ‘bool v8::Object::SetAccessor(v8::Local<v8::Name>, v8::AccessorNameGetterCallback, v8::AccessorNameSetterCallback, v8::Local<v8::Value>, v8::AccessControl, v8::PropertyAttribute)’ is deprecated: Use maybe version [-Wdeprecated-declarations]
     , attribute);
                ^
In file included from /home/evan/.atom/.node-gyp/.node-gyp/iojs-1.3.13/deps/v8/include/v8.h:25:0,
                 from /home/evan/.atom/.node-gyp/.node-gyp/iojs-1.3.13/src/node.h:42,
                 from ../../nan/nan.h:24,
                 from ../src/unix/pty.cc:20:
/home/evan/.atom/.node-gyp/.node-gyp/iojs-1.3.13/deps/v8/include/v8.h:2742:22: note: declared here
                 bool SetAccessor(Local<Name> name,
                      ^
/home/evan/.atom/.node-gyp/.node-gyp/iojs-1.3.13/deps/v8/include/v8config.h:333:3: note: in definition of macro ‘V8_DEPRECATED’
   declarator __attribute__((deprecated(message)))
   ^
../src/unix/pty.cc: In function ‘Nan::NAN_METHOD_RETURN_TYPE PtyFork(Nan::NAN_METHOD_ARGS_TYPE)’:
../src/unix/pty.cc:257:34: warning: ignoring return value of ‘int chdir(const char*)’, declared with attribute warn_unused_result [-Wunused-result]
       if (strlen(cwd)) chdir(cwd);
                                  ^
make: *** [Release/obj.target/pty/src/unix/pty.o] Error 1
gyp ERR! build error 
gyp ERR! stack Error: `make` failed with exit code: 2
gyp ERR! stack     at ChildProcess.onExit (/usr/share/atom/resources/app/apm/node_modules/node-gyp/lib/build.js:276:23)
gyp ERR! stack     at emitTwo (events.js:87:13)
gyp ERR! stack     at ChildProcess.emit (events.js:172:7)
gyp ERR! stack     at Process.ChildProcess._handle.onexit (internal/child_process.js:200:12)
gyp ERR! System Linux 4.4.0-53-generic
gyp ERR! command "/usr/share/atom/resources/app/apm/bin/node" "/usr/share/atom/resources/app/apm/node_modules/.bin/node-gyp" "rebuild"
gyp ERR! cwd /tmp/evan/apm-install-dir-1161124-7481-1nj9nh9/node_modules/terminal-plus/node_modules/pty.js
gyp ERR! node -v v4.4.5
gyp ERR! node-gyp -v v3.4.0
gyp ERR! not ok 
